Loop 1 ——
MPI_HALO_EXCHANGE: Trans 128 Bytes,totaltime 15.70499 us
GLEX_HALO_EXCHANGE(RDMA_GET): Trans 128 Bytes,totaltime 15.95199 us
GLEX_HALO_EXCHANGE(RDMA_PUT): Trans 128 Bytes,totaltime 15.20240 us
Loop 2 ——
MPI_HALO_EXCHANGE: Trans 128 Bytes,totaltime 15.99193 us
GLEX_HALO_EXCHANGE(RDMA_GET): Trans 128 Bytes,totaltime 15.88547 us
GLEX_HALO_EXCHANGE(RDMA_PUT): Trans 128 Bytes,totaltime 14.90700 us
Loop 3 ——
MPI_HALO_EXCHANGE: Trans 128 Bytes,totaltime 15.35642 us
GLEX_HALO_EXCHANGE(RDMA_GET): Trans 128 Bytes,totaltime 15.75398 us
GLEX_HALO_EXCHANGE(RDMA_PUT): Trans 128 Bytes,totaltime 15.28907 us
Loop 4 ——
MPI_HALO_EXCHANGE: Trans 128 Bytes,totaltime 15.82849 us
GLEX_HALO_EXCHANGE(RDMA_GET): Trans 128 Bytes,totaltime 15.67245 us
GLEX_HALO_EXCHANGE(RDMA_PUT): Trans 128 Bytes,totaltime 14.92155 us
Loop 5 ——
MPI_HALO_EXCHANGE: Trans 128 Bytes,totaltime 15.46896 us
GLEX_HALO_EXCHANGE(RDMA_GET): Trans 128 Bytes,totaltime 15.65504 us
GLEX_HALO_EXCHANGE(RDMA_PUT): Trans 128 Bytes,totaltime 14.70649 us
Loop 6 ——
MPI_HALO_EXCHANGE: Trans 128 Bytes,totaltime 16.18302 us
GLEX_HALO_EXCHANGE(RDMA_GET): Trans 128 Bytes,totaltime 16.28602 us
GLEX_HALO_EXCHANGE(RDMA_PUT): Trans 128 Bytes,totaltime 14.91511 us
Loop 7 ——
MPI_HALO_EXCHANGE: Trans 128 Bytes,totaltime 15.39445 us
GLEX_HALO_EXCHANGE(RDMA_GET): Trans 128 Bytes,totaltime 16.03997 us
GLEX_HALO_EXCHANGE(RDMA_PUT): Trans 128 Bytes,totaltime 14.89902 us
Loop 8 ——
MPI_HALO_EXCHANGE: Trans 128 Bytes,totaltime 15.27393 us
GLEX_HALO_EXCHANGE(RDMA_GET): Trans 128 Bytes,totaltime 16.04903 us
GLEX_HALO_EXCHANGE(RDMA_PUT): Trans 128 Bytes,totaltime 14.65297 us
Loop 9 ——
MPI_HALO_EXCHANGE: Trans 128 Bytes,totaltime 15.64693 us
GLEX_HALO_EXCHANGE(RDMA_GET): Trans 128 Bytes,totaltime 16.63005 us
GLEX_HALO_EXCHANGE(RDMA_PUT): Trans 128 Bytes,totaltime 14.73451 us
Loop 10 ——
MPI_HALO_EXCHANGE: Trans 128 Bytes,totaltime 15.77699 us
GLEX_HALO_EXCHANGE(RDMA_GET): Trans 128 Bytes,totaltime 16.35909 us
GLEX_HALO_EXCHANGE(RDMA_PUT): Trans 128 Bytes,totaltime 14.74404 us
Loop 1 ——
MPI_HALO_EXCHANGE: Trans 256 Bytes,totaltime 15.50508 us
GLEX_HALO_EXCHANGE(RDMA_GET): Trans 256 Bytes,totaltime 16.50596 us
GLEX_HALO_EXCHANGE(RDMA_PUT): Trans 256 Bytes,totaltime 14.66310 us
Loop 2 ——
MPI_HALO_EXCHANGE: Trans 256 Bytes,totaltime 15.52153 us
GLEX_HALO_EXCHANGE(RDMA_GET): Trans 256 Bytes,totaltime 16.14809 us
GLEX_HALO_EXCHANGE(RDMA_PUT): Trans 256 Bytes,totaltime 14.76741 us
Loop 3 ——
MPI_HALO_EXCHANGE: Trans 256 Bytes,totaltime 15.95402 us
GLEX_HALO_EXCHANGE(RDMA_GET): Trans 256 Bytes,totaltime 15.76054 us
GLEX_HALO_EXCHANGE(RDMA_PUT): Trans 256 Bytes,totaltime 14.76610 us
Loop 4 ——
MPI_HALO_EXCHANGE: Trans 256 Bytes,totaltime 15.66648 us
GLEX_HALO_EXCHANGE(RDMA_GET): Trans 256 Bytes,totaltime 16.36100 us
GLEX_HALO_EXCHANGE(RDMA_PUT): Trans 256 Bytes,totaltime 14.72795 us
Loop 5 ——
MPI_HALO_EXCHANGE: Trans 256 Bytes,totaltime 15.67256 us
GLEX_HALO_EXCHANGE(RDMA_GET): Trans 256 Bytes,totaltime 15.99300 us
GLEX_HALO_EXCHANGE(RDMA_PUT): Trans 256 Bytes,totaltime 15.01298 us
Loop 6 ——
MPI_HALO_EXCHANGE: Trans 256 Bytes,totaltime 16.05093 us
GLEX_HALO_EXCHANGE(RDMA_GET): Trans 256 Bytes,totaltime 15.60497 us
GLEX_HALO_EXCHANGE(RDMA_PUT): Trans 256 Bytes,totaltime 15.09249 us
Loop 7 ——
MPI_HALO_EXCHANGE: Trans 256 Bytes,totaltime 15.45644 us
GLEX_HALO_EXCHANGE(RDMA_GET): Trans 256 Bytes,totaltime 15.61546 us
GLEX_HALO_EXCHANGE(RDMA_PUT): Trans 256 Bytes,totaltime 14.81450 us
Loop 8 ——
MPI_HALO_EXCHANGE: Trans 256 Bytes,totaltime 15.50949 us
GLEX_HALO_EXCHANGE(RDMA_GET): Trans 256 Bytes,totaltime 15.99538 us
GLEX_HALO_EXCHANGE(RDMA_PUT): Trans 256 Bytes,totaltime 15.21194 us
Loop 9 ——
MPI_HALO_EXCHANGE: Trans 256 Bytes,totaltime 15.64753 us
GLEX_HALO_EXCHANGE(RDMA_GET): Trans 256 Bytes,totaltime 16.24298 us
GLEX_HALO_EXCHANGE(RDMA_PUT): Trans 256 Bytes,totaltime 14.82797 us
Loop 10 ——
MPI_HALO_EXCHANGE: Trans 256 Bytes,totaltime 15.68997 us
GLEX_HALO_EXCHANGE(RDMA_GET): Trans 256 Bytes,totaltime 16.03603 us
GLEX_HALO_EXCHANGE(RDMA_PUT): Trans 256 Bytes,totaltime 14.96398 us
Loop 1 ——
MPI_HALO_EXCHANGE: Trans 512 Bytes,totaltime 15.87105 us
GLEX_HALO_EXCHANGE(RDMA_GET): Trans 512 Bytes,totaltime 16.65592 us
GLEX_HALO_EXCHANGE(RDMA_PUT): Trans 512 Bytes,totaltime 14.80460 us
Loop 2 ——
MPI_HALO_EXCHANGE: Trans 512 Bytes,totaltime 15.86854 us
GLEX_HALO_EXCHANGE(RDMA_GET): Trans 512 Bytes,totaltime 16.06095 us
GLEX_HALO_EXCHANGE(RDMA_PUT): Trans 512 Bytes,totaltime 15.14900 us
Loop 3 ——
MPI_HALO_EXCHANGE: Trans 512 Bytes,totaltime 15.62190 us
GLEX_HALO_EXCHANGE(RDMA_GET): Trans 512 Bytes,totaltime 15.88905 us
GLEX_HALO_EXCHANGE(RDMA_PUT): Trans 512 Bytes,totaltime 14.86301 us
Loop 4 ——
MPI_HALO_EXCHANGE: Trans 512 Bytes,totaltime 15.83648 us
GLEX_HALO_EXCHANGE(RDMA_GET): Trans 512 Bytes,totaltime 15.60700 us
GLEX_HALO_EXCHANGE(RDMA_PUT): Trans 512 Bytes,totaltime 15.04350 us
Loop 5 ——
MPI_HALO_EXCHANGE: Trans 512 Bytes,totaltime 16.28149 us
GLEX_HALO_EXCHANGE(RDMA_GET): Trans 512 Bytes,totaltime 16.40701 us
GLEX_HALO_EXCHANGE(RDMA_PUT): Trans 512 Bytes,totaltime 14.94896 us
Loop 6 ——
MPI_HALO_EXCHANGE: Trans 512 Bytes,totaltime 15.87248 us
GLEX_HALO_EXCHANGE(RDMA_GET): Trans 512 Bytes,totaltime 16.00301 us
GLEX_HALO_EXCHANGE(RDMA_PUT): Trans 512 Bytes,totaltime 14.81795 us
Loop 7 ——
MPI_HALO_EXCHANGE: Trans 512 Bytes,totaltime 15.99002 us
GLEX_HALO_EXCHANGE(RDMA_GET): Trans 512 Bytes,totaltime 16.17503 us
GLEX_HALO_EXCHANGE(RDMA_PUT): Trans 512 Bytes,totaltime 14.99605 us
Loop 8 ——
MPI_HALO_EXCHANGE: Trans 512 Bytes,totaltime 15.68794 us
GLEX_HALO_EXCHANGE(RDMA_GET): Trans 512 Bytes,totaltime 15.80250 us
GLEX_HALO_EXCHANGE(RDMA_PUT): Trans 512 Bytes,totaltime 14.83953 us
Loop 9 ——
MPI_HALO_EXCHANGE: Trans 512 Bytes,totaltime 15.80608 us
GLEX_HALO_EXCHANGE(RDMA_GET): Trans 512 Bytes,totaltime 15.73455 us
GLEX_HALO_EXCHANGE(RDMA_PUT): Trans 512 Bytes,totaltime 14.95004 us
Loop 10 ——
MPI_HALO_EXCHANGE: Trans 512 Bytes,totaltime 16.11400 us
GLEX_HALO_EXCHANGE(RDMA_GET): Trans 512 Bytes,totaltime 16.55900 us
GLEX_HALO_EXCHANGE(RDMA_PUT): Trans 512 Bytes,totaltime 15.20646 us
Loop 1 ——
MPI_HALO_EXCHANGE: Trans 1024 Bytes,totaltime 15.96045 us
GLEX_HALO_EXCHANGE(RDMA_GET): Trans 1024 Bytes,totaltime 15.74099 us
GLEX_HALO_EXCHANGE(RDMA_PUT): Trans 1024 Bytes,totaltime 15.10251 us
Loop 2 ——
MPI_HALO_EXCHANGE: Trans 1024 Bytes,totaltime 16.09409 us
GLEX_HALO_EXCHANGE(RDMA_GET): Trans 1024 Bytes,totaltime 15.75696 us
GLEX_HALO_EXCHANGE(RDMA_PUT): Trans 1024 Bytes,totaltime 15.33246 us
Loop 3 ——
MPI_HALO_EXCHANGE: Trans 1024 Bytes,totaltime 15.99753 us
GLEX_HALO_EXCHANGE(RDMA_GET): Trans 1024 Bytes,totaltime 15.74850 us
GLEX_HALO_EXCHANGE(RDMA_PUT): Trans 1024 Bytes,totaltime 15.22958 us
Loop 4 ——
MPI_HALO_EXCHANGE: Trans 1024 Bytes,totaltime 15.78248 us
GLEX_HALO_EXCHANGE(RDMA_GET): Trans 1024 Bytes,totaltime 16.53898 us
GLEX_HALO_EXCHANGE(RDMA_PUT): Trans 1024 Bytes,totaltime 15.42306 us
Loop 5 ——
MPI_HALO_EXCHANGE: Trans 1024 Bytes,totaltime 16.26849 us
GLEX_HALO_EXCHANGE(RDMA_GET): Trans 1024 Bytes,totaltime 16.27898 us
GLEX_HALO_EXCHANGE(RDMA_PUT): Trans 1024 Bytes,totaltime 15.20443 us
Loop 6 ——
MPI_HALO_EXCHANGE: Trans 1024 Bytes,totaltime 15.84339 us
GLEX_HALO_EXCHANGE(RDMA_GET): Trans 1024 Bytes,totaltime 16.10339 us
GLEX_HALO_EXCHANGE(RDMA_PUT): Trans 1024 Bytes,totaltime 15.01048 us
Loop 7 ——
MPI_HALO_EXCHANGE: Trans 1024 Bytes,totaltime 16.13390 us
GLEX_HALO_EXCHANGE(RDMA_GET): Trans 1024 Bytes,totaltime 15.65647 us
GLEX_HALO_EXCHANGE(RDMA_PUT): Trans 1024 Bytes,totaltime 15.14745 us
Loop 8 ——
MPI_HALO_EXCHANGE: Trans 1024 Bytes,totaltime 16.43300 us
GLEX_HALO_EXCHANGE(RDMA_GET): Trans 1024 Bytes,totaltime 16.36946 us
GLEX_HALO_EXCHANGE(RDMA_PUT): Trans 1024 Bytes,totaltime 15.10501 us
Loop 9 ——
MPI_HALO_EXCHANGE: Trans 1024 Bytes,totaltime 16.10243 us
GLEX_HALO_EXCHANGE(RDMA_GET): Trans 1024 Bytes,totaltime 16.56604 us
GLEX_HALO_EXCHANGE(RDMA_PUT): Trans 1024 Bytes,totaltime 15.36500 us
Loop 10 ——
MPI_HALO_EXCHANGE: Trans 1024 Bytes,totaltime 16.30759 us
GLEX_HALO_EXCHANGE(RDMA_GET): Trans 1024 Bytes,totaltime 15.66505 us
GLEX_HALO_EXCHANGE(RDMA_PUT): Trans 1024 Bytes,totaltime 15.22756 us
Loop 1 ——
MPI_HALO_EXCHANGE: Trans 2048 Bytes,totaltime 16.57450 us
GLEX_HALO_EXCHANGE(RDMA_GET): Trans 2048 Bytes,totaltime 15.82146 us
GLEX_HALO_EXCHANGE(RDMA_PUT): Trans 2048 Bytes,totaltime 15.14900 us
Loop 2 ——
MPI_HALO_EXCHANGE: Trans 2048 Bytes,totaltime 16.40499 us
GLEX_HALO_EXCHANGE(RDMA_GET): Trans 2048 Bytes,totaltime 15.90049 us
GLEX_HALO_EXCHANGE(RDMA_PUT): Trans 2048 Bytes,totaltime 15.11800 us
Loop 3 ——
MPI_HALO_EXCHANGE: Trans 2048 Bytes,totaltime 16.57748 us
GLEX_HALO_EXCHANGE(RDMA_GET): Trans 2048 Bytes,totaltime 16.16454 us
GLEX_HALO_EXCHANGE(RDMA_PUT): Trans 2048 Bytes,totaltime 15.17498 us
Loop 4 ——
MPI_HALO_EXCHANGE: Trans 2048 Bytes,totaltime 16.58249 us
GLEX_HALO_EXCHANGE(RDMA_GET): Trans 2048 Bytes,totaltime 16.20948 us
GLEX_HALO_EXCHANGE(RDMA_PUT): Trans 2048 Bytes,totaltime 15.19907 us
Loop 5 ——
MPI_HALO_EXCHANGE: Trans 2048 Bytes,totaltime 16.49344 us
GLEX_HALO_EXCHANGE(RDMA_GET): Trans 2048 Bytes,totaltime 16.43550 us
GLEX_HALO_EXCHANGE(RDMA_PUT): Trans 2048 Bytes,totaltime 15.24103 us
Loop 6 ——
MPI_HALO_EXCHANGE: Trans 2048 Bytes,totaltime 16.37745 us
GLEX_HALO_EXCHANGE(RDMA_GET): Trans 2048 Bytes,totaltime 15.75303 us
GLEX_HALO_EXCHANGE(RDMA_PUT): Trans 2048 Bytes,totaltime 15.19454 us
Loop 7 ——
MPI_HALO_EXCHANGE: Trans 2048 Bytes,totaltime 16.27946 us
GLEX_HALO_EXCHANGE(RDMA_GET): Trans 2048 Bytes,totaltime 17.09056 us
GLEX_HALO_EXCHANGE(RDMA_PUT): Trans 2048 Bytes,totaltime 15.69498 us
Loop 8 ——
MPI_HALO_EXCHANGE: Trans 2048 Bytes,totaltime 16.35051 us
GLEX_HALO_EXCHANGE(RDMA_GET): Trans 2048 Bytes,totaltime 16.26599 us
GLEX_HALO_EXCHANGE(RDMA_PUT): Trans 2048 Bytes,totaltime 14.95659 us
Loop 9 ——
MPI_HALO_EXCHANGE: Trans 2048 Bytes,totaltime 16.25550 us
GLEX_HALO_EXCHANGE(RDMA_GET): Trans 2048 Bytes,totaltime 16.32702 us
GLEX_HALO_EXCHANGE(RDMA_PUT): Trans 2048 Bytes,totaltime 15.26952 us
Loop 10 ——
MPI_HALO_EXCHANGE: Trans 2048 Bytes,totaltime 16.62600 us
GLEX_HALO_EXCHANGE(RDMA_GET): Trans 2048 Bytes,totaltime 15.78152 us
GLEX_HALO_EXCHANGE(RDMA_PUT): Trans 2048 Bytes,totaltime 15.03861 us
Loop 1 ——
MPI_HALO_EXCHANGE: Trans 4096 Bytes,totaltime 17.62199 us
GLEX_HALO_EXCHANGE(RDMA_GET): Trans 4096 Bytes,totaltime 16.26146 us
GLEX_HALO_EXCHANGE(RDMA_PUT): Trans 4096 Bytes,totaltime 15.89811 us
Loop 2 ——
MPI_HALO_EXCHANGE: Trans 4096 Bytes,totaltime 16.85345 us
GLEX_HALO_EXCHANGE(RDMA_GET): Trans 4096 Bytes,totaltime 17.27057 us
GLEX_HALO_EXCHANGE(RDMA_PUT): Trans 4096 Bytes,totaltime 15.82456 us
Loop 3 ——
MPI_HALO_EXCHANGE: Trans 4096 Bytes,totaltime 17.10260 us
GLEX_HALO_EXCHANGE(RDMA_GET): Trans 4096 Bytes,totaltime 16.15310 us
GLEX_HALO_EXCHANGE(RDMA_PUT): Trans 4096 Bytes,totaltime 16.02650 us
Loop 4 ——
MPI_HALO_EXCHANGE: Trans 4096 Bytes,totaltime 16.90209 us
GLEX_HALO_EXCHANGE(RDMA_GET): Trans 4096 Bytes,totaltime 16.95848 us
GLEX_HALO_EXCHANGE(RDMA_PUT): Trans 4096 Bytes,totaltime 15.80250 us
Loop 5 ——
MPI_HALO_EXCHANGE: Trans 4096 Bytes,totaltime 17.02356 us
GLEX_HALO_EXCHANGE(RDMA_GET): Trans 4096 Bytes,totaltime 16.92510 us
GLEX_HALO_EXCHANGE(RDMA_PUT): Trans 4096 Bytes,totaltime 16.11257 us
Loop 6 ——
MPI_HALO_EXCHANGE: Trans 4096 Bytes,totaltime 17.50195 us
GLEX_HALO_EXCHANGE(RDMA_GET): Trans 4096 Bytes,totaltime 17.05897 us
GLEX_HALO_EXCHANGE(RDMA_PUT): Trans 4096 Bytes,totaltime 16.12055 us
Loop 7 ——
MPI_HALO_EXCHANGE: Trans 4096 Bytes,totaltime 17.14194 us
GLEX_HALO_EXCHANGE(RDMA_GET): Trans 4096 Bytes,totaltime 16.20400 us
GLEX_HALO_EXCHANGE(RDMA_PUT): Trans 4096 Bytes,totaltime 16.08443 us
Loop 8 ——
MPI_HALO_EXCHANGE: Trans 4096 Bytes,totaltime 16.85941 us
GLEX_HALO_EXCHANGE(RDMA_GET): Trans 4096 Bytes,totaltime 16.12699 us
GLEX_HALO_EXCHANGE(RDMA_PUT): Trans 4096 Bytes,totaltime 15.51807 us
Loop 9 ——
MPI_HALO_EXCHANGE: Trans 4096 Bytes,totaltime 17.59851 us
GLEX_HALO_EXCHANGE(RDMA_GET): Trans 4096 Bytes,totaltime 16.12651 us
GLEX_HALO_EXCHANGE(RDMA_PUT): Trans 4096 Bytes,totaltime 16.02900 us
Loop 10 ——
MPI_HALO_EXCHANGE: Trans 4096 Bytes,totaltime 17.48502 us
GLEX_HALO_EXCHANGE(RDMA_GET): Trans 4096 Bytes,totaltime 16.62600 us
GLEX_HALO_EXCHANGE(RDMA_PUT): Trans 4096 Bytes,totaltime 15.96296 us
Loop 1 ——
MPI_HALO_EXCHANGE: Trans 8192 Bytes,totaltime 19.02199 us
GLEX_HALO_EXCHANGE(RDMA_GET): Trans 8192 Bytes,totaltime 17.78400 us
GLEX_HALO_EXCHANGE(RDMA_PUT): Trans 8192 Bytes,totaltime 17.06791 us
Loop 2 ——
MPI_HALO_EXCHANGE: Trans 8192 Bytes,totaltime 18.77844 us
GLEX_HALO_EXCHANGE(RDMA_GET): Trans 8192 Bytes,totaltime 17.24851 us
GLEX_HALO_EXCHANGE(RDMA_PUT): Trans 8192 Bytes,totaltime 17.02952 us
Loop 3 ——
MPI_HALO_EXCHANGE: Trans 8192 Bytes,totaltime 18.40997 us
GLEX_HALO_EXCHANGE(RDMA_GET): Trans 8192 Bytes,totaltime 17.15505 us
GLEX_HALO_EXCHANGE(RDMA_PUT): Trans 8192 Bytes,totaltime 17.10606 us
Loop 4 ——
MPI_HALO_EXCHANGE: Trans 8192 Bytes,totaltime 18.79406 us
GLEX_HALO_EXCHANGE(RDMA_GET): Trans 8192 Bytes,totaltime 17.69602 us
GLEX_HALO_EXCHANGE(RDMA_PUT): Trans 8192 Bytes,totaltime 17.13002 us
Loop 5 ——
MPI_HALO_EXCHANGE: Trans 8192 Bytes,totaltime 18.81599 us
GLEX_HALO_EXCHANGE(RDMA_GET): Trans 8192 Bytes,totaltime 17.12954 us
GLEX_HALO_EXCHANGE(RDMA_PUT): Trans 8192 Bytes,totaltime 17.18056 us
Loop 6 ——
MPI_HALO_EXCHANGE: Trans 8192 Bytes,totaltime 18.91804 us
GLEX_HALO_EXCHANGE(RDMA_GET): Trans 8192 Bytes,totaltime 18.02695 us
GLEX_HALO_EXCHANGE(RDMA_PUT): Trans 8192 Bytes,totaltime 16.65044 us
Loop 7 ——
MPI_HALO_EXCHANGE: Trans 8192 Bytes,totaltime 18.44609 us
GLEX_HALO_EXCHANGE(RDMA_GET): Trans 8192 Bytes,totaltime 17.10796 us
GLEX_HALO_EXCHANGE(RDMA_PUT): Trans 8192 Bytes,totaltime 17.24899 us
Loop 8 ——
MPI_HALO_EXCHANGE: Trans 8192 Bytes,totaltime 18.65852 us
GLEX_HALO_EXCHANGE(RDMA_GET): Trans 8192 Bytes,totaltime 17.20893 us
GLEX_HALO_EXCHANGE(RDMA_PUT): Trans 8192 Bytes,totaltime 17.19952 us
Loop 9 ——
MPI_HALO_EXCHANGE: Trans 8192 Bytes,totaltime 18.96250 us
GLEX_HALO_EXCHANGE(RDMA_GET): Trans 8192 Bytes,totaltime 17.17603 us
GLEX_HALO_EXCHANGE(RDMA_PUT): Trans 8192 Bytes,totaltime 17.30907 us
Loop 10 ——
MPI_HALO_EXCHANGE: Trans 8192 Bytes,totaltime 18.68904 us
GLEX_HALO_EXCHANGE(RDMA_GET): Trans 8192 Bytes,totaltime 17.54594 us
GLEX_HALO_EXCHANGE(RDMA_PUT): Trans 8192 Bytes,totaltime 16.79349 us
Loop 1 ——
MPI_HALO_EXCHANGE: Trans 16384 Bytes,totaltime 22.67492 us
GLEX_HALO_EXCHANGE(RDMA_GET): Trans 16384 Bytes,totaltime 20.69402 us
GLEX_HALO_EXCHANGE(RDMA_PUT): Trans 16384 Bytes,totaltime 19.52147 us
Loop 2 ——
MPI_HALO_EXCHANGE: Trans 16384 Bytes,totaltime 22.62390 us
GLEX_HALO_EXCHANGE(RDMA_GET): Trans 16384 Bytes,totaltime 20.17796 us
GLEX_HALO_EXCHANGE(RDMA_PUT): Trans 16384 Bytes,totaltime 19.86897 us
Loop 3 ——
MPI_HALO_EXCHANGE: Trans 16384 Bytes,totaltime 23.29600 us
GLEX_HALO_EXCHANGE(RDMA_GET): Trans 16384 Bytes,totaltime 20.56098 us
GLEX_HALO_EXCHANGE(RDMA_PUT): Trans 16384 Bytes,totaltime 20.15340 us
Loop 4 ——
MPI_HALO_EXCHANGE: Trans 16384 Bytes,totaltime 22.30656 us
GLEX_HALO_EXCHANGE(RDMA_GET): Trans 16384 Bytes,totaltime 20.19298 us
GLEX_HALO_EXCHANGE(RDMA_PUT): Trans 16384 Bytes,totaltime 20.18690 us
Loop 5 ——
MPI_HALO_EXCHANGE: Trans 16384 Bytes,totaltime 23.07498 us
GLEX_HALO_EXCHANGE(RDMA_GET): Trans 16384 Bytes,totaltime 22.12453 us
GLEX_HALO_EXCHANGE(RDMA_PUT): Trans 16384 Bytes,totaltime 19.63151 us
Loop 6 ——
MPI_HALO_EXCHANGE: Trans 16384 Bytes,totaltime 22.52495 us
GLEX_HALO_EXCHANGE(RDMA_GET): Trans 16384 Bytes,totaltime 19.85157 us
GLEX_HALO_EXCHANGE(RDMA_PUT): Trans 16384 Bytes,totaltime 19.72950 us
Loop 7 ——
MPI_HALO_EXCHANGE: Trans 16384 Bytes,totaltime 22.44794 us
GLEX_HALO_EXCHANGE(RDMA_GET): Trans 16384 Bytes,totaltime 20.11645 us
GLEX_HALO_EXCHANGE(RDMA_PUT): Trans 16384 Bytes,totaltime 20.07556 us
Loop 8 ——
MPI_HALO_EXCHANGE: Trans 16384 Bytes,totaltime 22.64607 us
GLEX_HALO_EXCHANGE(RDMA_GET): Trans 16384 Bytes,totaltime 20.37001 us
GLEX_HALO_EXCHANGE(RDMA_PUT): Trans 16384 Bytes,totaltime 19.91749 us
Loop 9 ——
MPI_HALO_EXCHANGE: Trans 16384 Bytes,totaltime 23.09895 us
GLEX_HALO_EXCHANGE(RDMA_GET): Trans 16384 Bytes,totaltime 20.26749 us
GLEX_HALO_EXCHANGE(RDMA_PUT): Trans 16384 Bytes,totaltime 19.90056 us
Loop 10 ——
MPI_HALO_EXCHANGE: Trans 16384 Bytes,totaltime 22.91203 us
GLEX_HALO_EXCHANGE(RDMA_GET): Trans 16384 Bytes,totaltime 20.42246 us
GLEX_HALO_EXCHANGE(RDMA_PUT): Trans 16384 Bytes,totaltime 19.86539 us
Loop 1 ——
MPI_HALO_EXCHANGE: Trans 32768 Bytes,totaltime 38.39946 us
GLEX_HALO_EXCHANGE(RDMA_GET): Trans 32768 Bytes,totaltime 27.04608 us
GLEX_HALO_EXCHANGE(RDMA_PUT): Trans 32768 Bytes,totaltime 29.39808 us
Loop 2 ——
MPI_HALO_EXCHANGE: Trans 32768 Bytes,totaltime 38.49101 us
GLEX_HALO_EXCHANGE(RDMA_GET): Trans 32768 Bytes,totaltime 28.33343 us
GLEX_HALO_EXCHANGE(RDMA_PUT): Trans 32768 Bytes,totaltime 28.49400 us
Loop 3 ——
MPI_HALO_EXCHANGE: Trans 32768 Bytes,totaltime 38.42402 us
GLEX_HALO_EXCHANGE(RDMA_GET): Trans 32768 Bytes,totaltime 27.05407 us
GLEX_HALO_EXCHANGE(RDMA_PUT): Trans 32768 Bytes,totaltime 28.66304 us
Loop 4 ——
MPI_HALO_EXCHANGE: Trans 32768 Bytes,totaltime 38.62798 us
GLEX_HALO_EXCHANGE(RDMA_GET): Trans 32768 Bytes,totaltime 27.88246 us
GLEX_HALO_EXCHANGE(RDMA_PUT): Trans 32768 Bytes,totaltime 28.78702 us
Loop 5 ——
MPI_HALO_EXCHANGE: Trans 32768 Bytes,totaltime 38.25247 us
GLEX_HALO_EXCHANGE(RDMA_GET): Trans 32768 Bytes,totaltime 26.95453 us
GLEX_HALO_EXCHANGE(RDMA_PUT): Trans 32768 Bytes,totaltime 28.37753 us
Loop 6 ——
MPI_HALO_EXCHANGE: Trans 32768 Bytes,totaltime 38.19203 us
GLEX_HALO_EXCHANGE(RDMA_GET): Trans 32768 Bytes,totaltime 27.47548 us
GLEX_HALO_EXCHANGE(RDMA_PUT): Trans 32768 Bytes,totaltime 28.31602 us
Loop 7 ——
MPI_HALO_EXCHANGE: Trans 32768 Bytes,totaltime 38.20145 us
GLEX_HALO_EXCHANGE(RDMA_GET): Trans 32768 Bytes,totaltime 27.00245 us
GLEX_HALO_EXCHANGE(RDMA_PUT): Trans 32768 Bytes,totaltime 28.50497 us
Loop 8 ——
MPI_HALO_EXCHANGE: Trans 32768 Bytes,totaltime 38.09798 us
GLEX_HALO_EXCHANGE(RDMA_GET): Trans 32768 Bytes,totaltime 27.86601 us
GLEX_HALO_EXCHANGE(RDMA_PUT): Trans 32768 Bytes,totaltime 28.50246 us
Loop 9 ——
MPI_HALO_EXCHANGE: Trans 32768 Bytes,totaltime 38.09392 us
GLEX_HALO_EXCHANGE(RDMA_GET): Trans 32768 Bytes,totaltime 27.25840 us
GLEX_HALO_EXCHANGE(RDMA_PUT): Trans 32768 Bytes,totaltime 28.43797 us
Loop 10 ——
MPI_HALO_EXCHANGE: Trans 32768 Bytes,totaltime 38.48243 us
GLEX_HALO_EXCHANGE(RDMA_GET): Trans 32768 Bytes,totaltime 27.56405 us
GLEX_HALO_EXCHANGE(RDMA_PUT): Trans 32768 Bytes,totaltime 28.24652 us
Loop 1 ——
MPI_HALO_EXCHANGE: Trans 65536 Bytes,totaltime 54.67105 us
GLEX_HALO_EXCHANGE(RDMA_GET): Trans 65536 Bytes,totaltime 44.63601 us
GLEX_HALO_EXCHANGE(RDMA_PUT): Trans 65536 Bytes,totaltime 45.80200 us
Loop 2 ——
MPI_HALO_EXCHANGE: Trans 65536 Bytes,totaltime 54.33702 us
GLEX_HALO_EXCHANGE(RDMA_GET): Trans 65536 Bytes,totaltime 43.90848 us
GLEX_HALO_EXCHANGE(RDMA_PUT): Trans 65536 Bytes,totaltime 45.37451 us
Loop 3 ——
MPI_HALO_EXCHANGE: Trans 65536 Bytes,totaltime 54.26252 us
GLEX_HALO_EXCHANGE(RDMA_GET): Trans 65536 Bytes,totaltime 44.19947 us
GLEX_HALO_EXCHANGE(RDMA_PUT): Trans 65536 Bytes,totaltime 45.28606 us
Loop 4 ——
MPI_HALO_EXCHANGE: Trans 65536 Bytes,totaltime 54.09908 us
GLEX_HALO_EXCHANGE(RDMA_GET): Trans 65536 Bytes,totaltime 44.53599 us
GLEX_HALO_EXCHANGE(RDMA_PUT): Trans 65536 Bytes,totaltime 45.24255 us
Loop 5 ——
MPI_HALO_EXCHANGE: Trans 65536 Bytes,totaltime 54.49057 us
GLEX_HALO_EXCHANGE(RDMA_GET): Trans 65536 Bytes,totaltime 44.48903 us
GLEX_HALO_EXCHANGE(RDMA_PUT): Trans 65536 Bytes,totaltime 45.23492 us
Loop 6 ——
MPI_HALO_EXCHANGE: Trans 65536 Bytes,totaltime 54.85356 us
GLEX_HALO_EXCHANGE(RDMA_GET): Trans 65536 Bytes,totaltime 44.10458 us
GLEX_HALO_EXCHANGE(RDMA_PUT): Trans 65536 Bytes,totaltime 45.68851 us
Loop 7 ——
MPI_HALO_EXCHANGE: Trans 65536 Bytes,totaltime 54.81398 us
GLEX_HALO_EXCHANGE(RDMA_GET): Trans 65536 Bytes,totaltime 44.45100 us
GLEX_HALO_EXCHANGE(RDMA_PUT): Trans 65536 Bytes,totaltime 45.82298 us
Loop 8 ——
MPI_HALO_EXCHANGE: Trans 65536 Bytes,totaltime 54.52502 us
GLEX_HALO_EXCHANGE(RDMA_GET): Trans 65536 Bytes,totaltime 44.43491 us
GLEX_HALO_EXCHANGE(RDMA_PUT): Trans 65536 Bytes,totaltime 45.18652 us
Loop 9 ——
MPI_HALO_EXCHANGE: Trans 65536 Bytes,totaltime 54.26455 us
GLEX_HALO_EXCHANGE(RDMA_GET): Trans 65536 Bytes,totaltime 44.44742 us
GLEX_HALO_EXCHANGE(RDMA_PUT): Trans 65536 Bytes,totaltime 45.26699 us
Loop 10 ——
MPI_HALO_EXCHANGE: Trans 65536 Bytes,totaltime 54.50702 us
GLEX_HALO_EXCHANGE(RDMA_GET): Trans 65536 Bytes,totaltime 51.12898 us
GLEX_HALO_EXCHANGE(RDMA_PUT): Trans 65536 Bytes,totaltime 45.00341 us
Loop 1 ——
MPI_HALO_EXCHANGE: Trans 131072 Bytes,totaltime 94.42711 us
GLEX_HALO_EXCHANGE(RDMA_GET): Trans 131072 Bytes,totaltime 79.28205 us
GLEX_HALO_EXCHANGE(RDMA_PUT): Trans 131072 Bytes,totaltime 80.20198 us
Loop 2 ——
MPI_HALO_EXCHANGE: Trans 131072 Bytes,totaltime 94.36643 us
GLEX_HALO_EXCHANGE(RDMA_GET): Trans 131072 Bytes,totaltime 79.97441 us
GLEX_HALO_EXCHANGE(RDMA_PUT): Trans 131072 Bytes,totaltime 80.61039 us
Loop 3 ——
MPI_HALO_EXCHANGE: Trans 131072 Bytes,totaltime 94.07747 us
GLEX_HALO_EXCHANGE(RDMA_GET): Trans 131072 Bytes,totaltime 81.43651 us
GLEX_HALO_EXCHANGE(RDMA_PUT): Trans 131072 Bytes,totaltime 80.18148 us
Loop 4 ——
MPI_HALO_EXCHANGE: Trans 131072 Bytes,totaltime 94.08903 us
GLEX_HALO_EXCHANGE(RDMA_GET): Trans 131072 Bytes,totaltime 88.40251 us
GLEX_HALO_EXCHANGE(RDMA_PUT): Trans 131072 Bytes,totaltime 79.82457 us
Loop 5 ——
MPI_HALO_EXCHANGE: Trans 131072 Bytes,totaltime 93.70041 us
GLEX_HALO_EXCHANGE(RDMA_GET): Trans 131072 Bytes,totaltime 80.04248 us
GLEX_HALO_EXCHANGE(RDMA_PUT): Trans 131072 Bytes,totaltime 80.55651 us
Loop 6 ——
MPI_HALO_EXCHANGE: Trans 131072 Bytes,totaltime 94.33949 us
GLEX_HALO_EXCHANGE(RDMA_GET): Trans 131072 Bytes,totaltime 80.61004 us
GLEX_HALO_EXCHANGE(RDMA_PUT): Trans 131072 Bytes,totaltime 80.67799 us
Loop 7 ——
MPI_HALO_EXCHANGE: Trans 131072 Bytes,totaltime 94.15448 us
GLEX_HALO_EXCHANGE(RDMA_GET): Trans 131072 Bytes,totaltime 80.45602 us
GLEX_HALO_EXCHANGE(RDMA_PUT): Trans 131072 Bytes,totaltime 80.19555 us
Loop 8 ——
MPI_HALO_EXCHANGE: Trans 131072 Bytes,totaltime 94.10655 us
GLEX_HALO_EXCHANGE(RDMA_GET): Trans 131072 Bytes,totaltime 80.68645 us
GLEX_HALO_EXCHANGE(RDMA_PUT): Trans 131072 Bytes,totaltime 80.67143 us
Loop 9 ——
MPI_HALO_EXCHANGE: Trans 131072 Bytes,totaltime 93.86194 us
GLEX_HALO_EXCHANGE(RDMA_GET): Trans 131072 Bytes,totaltime 80.04355 us
GLEX_HALO_EXCHANGE(RDMA_PUT): Trans 131072 Bytes,totaltime 81.09260 us
Loop 10 ——
MPI_HALO_EXCHANGE: Trans 131072 Bytes,totaltime 94.19000 us
GLEX_HALO_EXCHANGE(RDMA_GET): Trans 131072 Bytes,totaltime 79.79143 us
GLEX_HALO_EXCHANGE(RDMA_PUT): Trans 131072 Bytes,totaltime 80.15752 us
Loop 1 ——
MPI_HALO_EXCHANGE: Trans 262144 Bytes,totaltime 171.06509 us
GLEX_HALO_EXCHANGE(RDMA_GET): Trans 262144 Bytes,totaltime 160.74109 us
GLEX_HALO_EXCHANGE(RDMA_PUT): Trans 262144 Bytes,totaltime 155.58553 us
Loop 2 ——
MPI_HALO_EXCHANGE: Trans 262144 Bytes,totaltime 170.86709 us
GLEX_HALO_EXCHANGE(RDMA_GET): Trans 262144 Bytes,totaltime 160.49147 us
GLEX_HALO_EXCHANGE(RDMA_PUT): Trans 262144 Bytes,totaltime 155.83706 us
Loop 3 ——
MPI_HALO_EXCHANGE: Trans 262144 Bytes,totaltime 170.02904 us
GLEX_HALO_EXCHANGE(RDMA_GET): Trans 262144 Bytes,totaltime 158.82409 us
GLEX_HALO_EXCHANGE(RDMA_PUT): Trans 262144 Bytes,totaltime 154.99091 us
Loop 4 ——
MPI_HALO_EXCHANGE: Trans 262144 Bytes,totaltime 171.01145 us
GLEX_HALO_EXCHANGE(RDMA_GET): Trans 262144 Bytes,totaltime 160.46798 us
GLEX_HALO_EXCHANGE(RDMA_PUT): Trans 262144 Bytes,totaltime 154.84595 us
Loop 5 ——
MPI_HALO_EXCHANGE: Trans 262144 Bytes,totaltime 170.69256 us
GLEX_HALO_EXCHANGE(RDMA_GET): Trans 262144 Bytes,totaltime 166.84246 us
GLEX_HALO_EXCHANGE(RDMA_PUT): Trans 262144 Bytes,totaltime 152.65000 us
Loop 6 ——
MPI_HALO_EXCHANGE: Trans 262144 Bytes,totaltime 170.60947 us
GLEX_HALO_EXCHANGE(RDMA_GET): Trans 262144 Bytes,totaltime 160.59351 us
GLEX_HALO_EXCHANGE(RDMA_PUT): Trans 262144 Bytes,totaltime 151.31450 us
Loop 7 ——
MPI_HALO_EXCHANGE: Trans 262144 Bytes,totaltime 170.23647 us
GLEX_HALO_EXCHANGE(RDMA_GET): Trans 262144 Bytes,totaltime 159.47556 us
GLEX_HALO_EXCHANGE(RDMA_PUT): Trans 262144 Bytes,totaltime 155.33841 us
Loop 8 ——
MPI_HALO_EXCHANGE: Trans 262144 Bytes,totaltime 170.40157 us
GLEX_HALO_EXCHANGE(RDMA_GET): Trans 262144 Bytes,totaltime 160.46596 us
GLEX_HALO_EXCHANGE(RDMA_PUT): Trans 262144 Bytes,totaltime 153.62895 us
Loop 9 ——
MPI_HALO_EXCHANGE: Trans 262144 Bytes,totaltime 170.79103 us
GLEX_HALO_EXCHANGE(RDMA_GET): Trans 262144 Bytes,totaltime 160.19750 us
GLEX_HALO_EXCHANGE(RDMA_PUT): Trans 262144 Bytes,totaltime 152.75550 us
Loop 10 ——
MPI_HALO_EXCHANGE: Trans 262144 Bytes,totaltime 170.64905 us
GLEX_HALO_EXCHANGE(RDMA_GET): Trans 262144 Bytes,totaltime 160.90500 us
GLEX_HALO_EXCHANGE(RDMA_PUT): Trans 262144 Bytes,totaltime 154.72198 us
Loop 1 ——
MPI_HALO_EXCHANGE: Trans 524288 Bytes,totaltime 307.37460 us
GLEX_HALO_EXCHANGE(RDMA_GET): Trans 524288 Bytes,totaltime 325.06204 us
GLEX_HALO_EXCHANGE(RDMA_PUT): Trans 524288 Bytes,totaltime 285.47251 us
Loop 2 ——
MPI_HALO_EXCHANGE: Trans 524288 Bytes,totaltime 308.10452 us
GLEX_HALO_EXCHANGE(RDMA_GET): Trans 524288 Bytes,totaltime 323.63939 us
GLEX_HALO_EXCHANGE(RDMA_PUT): Trans 524288 Bytes,totaltime 297.97041 us
Loop 3 ——
MPI_HALO_EXCHANGE: Trans 524288 Bytes,totaltime 309.41045 us
GLEX_HALO_EXCHANGE(RDMA_GET): Trans 524288 Bytes,totaltime 323.26353 us
GLEX_HALO_EXCHANGE(RDMA_PUT): Trans 524288 Bytes,totaltime 294.37804 us
Loop 4 ——
MPI_HALO_EXCHANGE: Trans 524288 Bytes,totaltime 308.67445 us
GLEX_HALO_EXCHANGE(RDMA_GET): Trans 524288 Bytes,totaltime 329.08750 us
GLEX_HALO_EXCHANGE(RDMA_PUT): Trans 524288 Bytes,totaltime 298.82646 us
Loop 5 ——
MPI_HALO_EXCHANGE: Trans 524288 Bytes,totaltime 306.31256 us
GLEX_HALO_EXCHANGE(RDMA_GET): Trans 524288 Bytes,totaltime 323.12000 us
GLEX_HALO_EXCHANGE(RDMA_PUT): Trans 524288 Bytes,totaltime 294.79957 us
Loop 6 ——
MPI_HALO_EXCHANGE: Trans 524288 Bytes,totaltime 310.86242 us
GLEX_HALO_EXCHANGE(RDMA_GET): Trans 524288 Bytes,totaltime 325.39654 us
GLEX_HALO_EXCHANGE(RDMA_PUT): Trans 524288 Bytes,totaltime 295.55047 us
Loop 7 ——
MPI_HALO_EXCHANGE: Trans 524288 Bytes,totaltime 307.52850 us
GLEX_HALO_EXCHANGE(RDMA_GET): Trans 524288 Bytes,totaltime 323.87352 us
GLEX_HALO_EXCHANGE(RDMA_PUT): Trans 524288 Bytes,totaltime 287.68146 us
Loop 8 ——
MPI_HALO_EXCHANGE: Trans 524288 Bytes,totaltime 307.74450 us
GLEX_HALO_EXCHANGE(RDMA_GET): Trans 524288 Bytes,totaltime 322.96550 us
GLEX_HALO_EXCHANGE(RDMA_PUT): Trans 524288 Bytes,totaltime 294.73245 us
Loop 9 ——
MPI_HALO_EXCHANGE: Trans 524288 Bytes,totaltime 306.38754 us
GLEX_HALO_EXCHANGE(RDMA_GET): Trans 524288 Bytes,totaltime 321.70653 us
GLEX_HALO_EXCHANGE(RDMA_PUT): Trans 524288 Bytes,totaltime 294.96300 us
Loop 10 ——
MPI_HALO_EXCHANGE: Trans 524288 Bytes,totaltime 309.19003 us
GLEX_HALO_EXCHANGE(RDMA_GET): Trans 524288 Bytes,totaltime 323.30894 us
GLEX_HALO_EXCHANGE(RDMA_PUT): Trans 524288 Bytes,totaltime 295.66944 us
Loop 1 ——
MPI_HALO_EXCHANGE: Trans 1048576 Bytes,totaltime 604.68245 us
GLEX_HALO_EXCHANGE(RDMA_GET): Trans 1048576 Bytes,totaltime 657.22346 us
GLEX_HALO_EXCHANGE(RDMA_PUT): Trans 1048576 Bytes,totaltime 568.13252 us
Loop 2 ——
MPI_HALO_EXCHANGE: Trans 1048576 Bytes,totaltime 589.33198 us
GLEX_HALO_EXCHANGE(RDMA_GET): Trans 1048576 Bytes,totaltime 656.76308 us
GLEX_HALO_EXCHANGE(RDMA_PUT): Trans 1048576 Bytes,totaltime 576.15650 us
Loop 3 ——
MPI_HALO_EXCHANGE: Trans 1048576 Bytes,totaltime 596.49646 us
GLEX_HALO_EXCHANGE(RDMA_GET): Trans 1048576 Bytes,totaltime 655.29895 us
GLEX_HALO_EXCHANGE(RDMA_PUT): Trans 1048576 Bytes,totaltime 565.02008 us
Loop 4 ——
MPI_HALO_EXCHANGE: Trans 1048576 Bytes,totaltime 591.22348 us
GLEX_HALO_EXCHANGE(RDMA_GET): Trans 1048576 Bytes,totaltime 653.98443 us
GLEX_HALO_EXCHANGE(RDMA_PUT): Trans 1048576 Bytes,totaltime 567.24501 us
Loop 5 ——
MPI_HALO_EXCHANGE: Trans 1048576 Bytes,totaltime 613.59358 us
GLEX_HALO_EXCHANGE(RDMA_GET): Trans 1048576 Bytes,totaltime 655.39455 us
GLEX_HALO_EXCHANGE(RDMA_PUT): Trans 1048576 Bytes,totaltime 566.84947 us
Loop 6 ——
MPI_HALO_EXCHANGE: Trans 1048576 Bytes,totaltime 595.55602 us
GLEX_HALO_EXCHANGE(RDMA_GET): Trans 1048576 Bytes,totaltime 652.65560 us
GLEX_HALO_EXCHANGE(RDMA_PUT): Trans 1048576 Bytes,totaltime 565.18853 us
Loop 7 ——
MPI_HALO_EXCHANGE: Trans 1048576 Bytes,totaltime 595.46459 us
GLEX_HALO_EXCHANGE(RDMA_GET): Trans 1048576 Bytes,totaltime 649.75750 us
GLEX_HALO_EXCHANGE(RDMA_PUT): Trans 1048576 Bytes,totaltime 581.95150 us
Loop 8 ——
MPI_HALO_EXCHANGE: Trans 1048576 Bytes,totaltime 596.05896 us
GLEX_HALO_EXCHANGE(RDMA_GET): Trans 1048576 Bytes,totaltime 655.39801 us
GLEX_HALO_EXCHANGE(RDMA_PUT): Trans 1048576 Bytes,totaltime 580.24251 us
Loop 9 ——
MPI_HALO_EXCHANGE: Trans 1048576 Bytes,totaltime 600.01945 us
GLEX_HALO_EXCHANGE(RDMA_GET): Trans 1048576 Bytes,totaltime 653.95200 us
GLEX_HALO_EXCHANGE(RDMA_PUT): Trans 1048576 Bytes,totaltime 582.91698 us
Loop 10 ——
MPI_HALO_EXCHANGE: Trans 1048576 Bytes,totaltime 591.91906 us
GLEX_HALO_EXCHANGE(RDMA_GET): Trans 1048576 Bytes,totaltime 655.96592 us
GLEX_HALO_EXCHANGE(RDMA_PUT): Trans 1048576 Bytes,totaltime 561.82301 us
Loop 1 ——
MPI_HALO_EXCHANGE: Trans 2097152 Bytes,totaltime 1227.28503 us
GLEX_HALO_EXCHANGE(RDMA_GET): Trans 2097152 Bytes,totaltime 1274.72544 us
GLEX_HALO_EXCHANGE(RDMA_PUT): Trans 2097152 Bytes,totaltime 1073.01950 us
Loop 2 ——
MPI_HALO_EXCHANGE: Trans 2097152 Bytes,totaltime 1234.51996 us
GLEX_HALO_EXCHANGE(RDMA_GET): Trans 2097152 Bytes,totaltime 1289.53791 us
GLEX_HALO_EXCHANGE(RDMA_PUT): Trans 2097152 Bytes,totaltime 1072.89994 us
Loop 3 ——
MPI_HALO_EXCHANGE: Trans 2097152 Bytes,totaltime 1222.94056 us
GLEX_HALO_EXCHANGE(RDMA_GET): Trans 2097152 Bytes,totaltime 1291.16297 us
GLEX_HALO_EXCHANGE(RDMA_PUT): Trans 2097152 Bytes,totaltime 1074.47946 us
Loop 4 ——
MPI_HALO_EXCHANGE: Trans 2097152 Bytes,totaltime 1247.89953 us
GLEX_HALO_EXCHANGE(RDMA_GET): Trans 2097152 Bytes,totaltime 1288.36393 us
GLEX_HALO_EXCHANGE(RDMA_PUT): Trans 2097152 Bytes,totaltime 1082.80849 us
Loop 5 ——
MPI_HALO_EXCHANGE: Trans 2097152 Bytes,totaltime 1219.44559 us
GLEX_HALO_EXCHANGE(RDMA_GET): Trans 2097152 Bytes,totaltime 1283.46801 us
GLEX_HALO_EXCHANGE(RDMA_PUT): Trans 2097152 Bytes,totaltime 1085.08003 us
Loop 6 ——
MPI_HALO_EXCHANGE: Trans 2097152 Bytes,totaltime 1224.36047 us
GLEX_HALO_EXCHANGE(RDMA_GET): Trans 2097152 Bytes,totaltime 1290.43651 us
GLEX_HALO_EXCHANGE(RDMA_PUT): Trans 2097152 Bytes,totaltime 1060.06908 us
Loop 7 ——
MPI_HALO_EXCHANGE: Trans 2097152 Bytes,totaltime 1230.48246 us
GLEX_HALO_EXCHANGE(RDMA_GET): Trans 2097152 Bytes,totaltime 1286.56149 us
GLEX_HALO_EXCHANGE(RDMA_PUT): Trans 2097152 Bytes,totaltime 1077.14057 us
Loop 8 ——
MPI_HALO_EXCHANGE: Trans 2097152 Bytes,totaltime 1219.12003 us
GLEX_HALO_EXCHANGE(RDMA_GET): Trans 2097152 Bytes,totaltime 1283.68044 us
GLEX_HALO_EXCHANGE(RDMA_PUT): Trans 2097152 Bytes,totaltime 1067.44349 us
Loop 9 ——
MPI_HALO_EXCHANGE: Trans 2097152 Bytes,totaltime 1230.78501 us
GLEX_HALO_EXCHANGE(RDMA_GET): Trans 2097152 Bytes,totaltime 1312.52706 us
GLEX_HALO_EXCHANGE(RDMA_PUT): Trans 2097152 Bytes,totaltime 1066.91098 us
Loop 10 ——
MPI_HALO_EXCHANGE: Trans 2097152 Bytes,totaltime 1217.75448 us
GLEX_HALO_EXCHANGE(RDMA_GET): Trans 2097152 Bytes,totaltime 1282.42302 us
GLEX_HALO_EXCHANGE(RDMA_PUT): Trans 2097152 Bytes,totaltime 1067.34848 us
Loop 1 ——
MPI_HALO_EXCHANGE: Trans 4194304 Bytes,totaltime 2685.52446 us
GLEX_HALO_EXCHANGE(RDMA_GET): Trans 4194304 Bytes,totaltime 2560.77945 us
GLEX_HALO_EXCHANGE(RDMA_PUT): Trans 4194304 Bytes,totaltime 2093.03498 us
Loop 2 ——
MPI_HALO_EXCHANGE: Trans 4194304 Bytes,totaltime 2677.18351 us
GLEX_HALO_EXCHANGE(RDMA_GET): Trans 4194304 Bytes,totaltime 2564.02707 us
GLEX_HALO_EXCHANGE(RDMA_PUT): Trans 4194304 Bytes,totaltime 2084.81193 us
Loop 3 ——
MPI_HALO_EXCHANGE: Trans 4194304 Bytes,totaltime 2687.15799 us
GLEX_HALO_EXCHANGE(RDMA_GET): Trans 4194304 Bytes,totaltime 2564.14807 us
GLEX_HALO_EXCHANGE(RDMA_PUT): Trans 4194304 Bytes,totaltime 2116.01758 us
Loop 4 ——
MPI_HALO_EXCHANGE: Trans 4194304 Bytes,totaltime 2811.27501 us
GLEX_HALO_EXCHANGE(RDMA_GET): Trans 4194304 Bytes,totaltime 2563.71307 us
GLEX_HALO_EXCHANGE(RDMA_PUT): Trans 4194304 Bytes,totaltime 2071.85543 us
Loop 5 ——
MPI_HALO_EXCHANGE: Trans 4194304 Bytes,totaltime 2685.80258 us
GLEX_HALO_EXCHANGE(RDMA_GET): Trans 4194304 Bytes,totaltime 2568.51494 us
GLEX_HALO_EXCHANGE(RDMA_PUT): Trans 4194304 Bytes,totaltime 2075.88410 us
Loop 6 ——
MPI_HALO_EXCHANGE: Trans 4194304 Bytes,totaltime 2669.53647 us
GLEX_HALO_EXCHANGE(RDMA_GET): Trans 4194304 Bytes,totaltime 2560.46653 us
GLEX_HALO_EXCHANGE(RDMA_PUT): Trans 4194304 Bytes,totaltime 2102.84150 us
Loop 7 ——
MPI_HALO_EXCHANGE: Trans 4194304 Bytes,totaltime 2663.11991 us
GLEX_HALO_EXCHANGE(RDMA_GET): Trans 4194304 Bytes,totaltime 2567.14857 us
GLEX_HALO_EXCHANGE(RDMA_PUT): Trans 4194304 Bytes,totaltime 2068.80200 us
Loop 8 ——
MPI_HALO_EXCHANGE: Trans 4194304 Bytes,totaltime 2669.44098 us
GLEX_HALO_EXCHANGE(RDMA_GET): Trans 4194304 Bytes,totaltime 2559.35156 us
GLEX_HALO_EXCHANGE(RDMA_PUT): Trans 4194304 Bytes,totaltime 2061.24651 us
Loop 9 ——
MPI_HALO_EXCHANGE: Trans 4194304 Bytes,totaltime 2659.20043 us
GLEX_HALO_EXCHANGE(RDMA_GET): Trans 4194304 Bytes,totaltime 2558.90810 us
GLEX_HALO_EXCHANGE(RDMA_PUT): Trans 4194304 Bytes,totaltime 2054.92401 us
Loop 10 ——
MPI_HALO_EXCHANGE: Trans 4194304 Bytes,totaltime 2664.81841 us
GLEX_HALO_EXCHANGE(RDMA_GET): Trans 4194304 Bytes,totaltime 2533.69749 us
GLEX_HALO_EXCHANGE(RDMA_PUT): Trans 4194304 Bytes,totaltime 2102.79346 us
Loop 1 ——
MPI_HALO_EXCHANGE: Trans 8388608 Bytes,totaltime 5542.13059 us
GLEX_HALO_EXCHANGE(RDMA_GET): Trans 8388608 Bytes,totaltime 5117.26153 us
GLEX_HALO_EXCHANGE(RDMA_PUT): Trans 8388608 Bytes,totaltime 4208.29046 us
Loop 2 ——
MPI_HALO_EXCHANGE: Trans 8388608 Bytes,totaltime 5539.62100 us
GLEX_HALO_EXCHANGE(RDMA_GET): Trans 8388608 Bytes,totaltime 5148.11659 us
GLEX_HALO_EXCHANGE(RDMA_PUT): Trans 8388608 Bytes,totaltime 4165.27748 us
Loop 3 ——
MPI_HALO_EXCHANGE: Trans 8388608 Bytes,totaltime 5571.73657 us
GLEX_HALO_EXCHANGE(RDMA_GET): Trans 8388608 Bytes,totaltime 5107.09953 us
GLEX_HALO_EXCHANGE(RDMA_PUT): Trans 8388608 Bytes,totaltime 4169.21055 us
Loop 4 ——
MPI_HALO_EXCHANGE: Trans 8388608 Bytes,totaltime 5571.78903 us
GLEX_HALO_EXCHANGE(RDMA_GET): Trans 8388608 Bytes,totaltime 5094.59305 us
GLEX_HALO_EXCHANGE(RDMA_PUT): Trans 8388608 Bytes,totaltime 4171.42797 us
Loop 5 ——
MPI_HALO_EXCHANGE: Trans 8388608 Bytes,totaltime 5551.71204 us
GLEX_HALO_EXCHANGE(RDMA_GET): Trans 8388608 Bytes,totaltime 5086.48896 us
GLEX_HALO_EXCHANGE(RDMA_PUT): Trans 8388608 Bytes,totaltime 4168.77341 us
Loop 6 ——
MPI_HALO_EXCHANGE: Trans 8388608 Bytes,totaltime 5556.95093 us
GLEX_HALO_EXCHANGE(RDMA_GET): Trans 8388608 Bytes,totaltime 5097.64552 us
GLEX_HALO_EXCHANGE(RDMA_PUT): Trans 8388608 Bytes,totaltime 4174.15905 us
Loop 7 ——
MPI_HALO_EXCHANGE: Trans 8388608 Bytes,totaltime 5526.74508 us
GLEX_HALO_EXCHANGE(RDMA_GET): Trans 8388608 Bytes,totaltime 5138.70609 us
GLEX_HALO_EXCHANGE(RDMA_PUT): Trans 8388608 Bytes,totaltime 4219.89238 us
Loop 8 ——
MPI_HALO_EXCHANGE: Trans 8388608 Bytes,totaltime 5596.04251 us
GLEX_HALO_EXCHANGE(RDMA_GET): Trans 8388608 Bytes,totaltime 5091.79354 us
GLEX_HALO_EXCHANGE(RDMA_PUT): Trans 8388608 Bytes,totaltime 4122.55955 us
Loop 9 ——
MPI_HALO_EXCHANGE: Trans 8388608 Bytes,totaltime 5568.26556 us
GLEX_HALO_EXCHANGE(RDMA_GET): Trans 8388608 Bytes,totaltime 5111.29546 us
GLEX_HALO_EXCHANGE(RDMA_PUT): Trans 8388608 Bytes,totaltime 4183.33054 us
Loop 10 ——
MPI_HALO_EXCHANGE: Trans 8388608 Bytes,totaltime 5579.17190 us
GLEX_HALO_EXCHANGE(RDMA_GET): Trans 8388608 Bytes,totaltime 5106.35293 us
GLEX_HALO_EXCHANGE(RDMA_PUT): Trans 8388608 Bytes,totaltime 4209.59997 us
Loop 1 ——
MPI_HALO_EXCHANGE: Trans 16777216 Bytes,totaltime 11167.23645 us
GLEX_HALO_EXCHANGE(RDMA_GET): Trans 16777216 Bytes,totaltime 10157.40895 us
GLEX_HALO_EXCHANGE(RDMA_PUT): Trans 16777216 Bytes,totaltime 8397.04645 us
Loop 2 ——
MPI_HALO_EXCHANGE: Trans 16777216 Bytes,totaltime 11159.47497 us
GLEX_HALO_EXCHANGE(RDMA_GET): Trans 16777216 Bytes,totaltime 10212.57997 us
GLEX_HALO_EXCHANGE(RDMA_PUT): Trans 16777216 Bytes,totaltime 8756.90544 us
Loop 3 ——
MPI_HALO_EXCHANGE: Trans 16777216 Bytes,totaltime 11200.65844 us
GLEX_HALO_EXCHANGE(RDMA_GET): Trans 16777216 Bytes,totaltime 10169.26646 us
GLEX_HALO_EXCHANGE(RDMA_PUT): Trans 16777216 Bytes,totaltime 8453.61650 us
Loop 4 ——
MPI_HALO_EXCHANGE: Trans 16777216 Bytes,totaltime 11165.71999 us
GLEX_HALO_EXCHANGE(RDMA_GET): Trans 16777216 Bytes,totaltime 10234.19058 us
GLEX_HALO_EXCHANGE(RDMA_PUT): Trans 16777216 Bytes,totaltime 8380.48947 us
Loop 5 ——
MPI_HALO_EXCHANGE: Trans 16777216 Bytes,totaltime 11184.79848 us
GLEX_HALO_EXCHANGE(RDMA_GET): Trans 16777216 Bytes,totaltime 10211.99560 us
GLEX_HALO_EXCHANGE(RDMA_PUT): Trans 16777216 Bytes,totaltime 8371.86646 us
Loop 6 ——
MPI_HALO_EXCHANGE: Trans 16777216 Bytes,totaltime 11170.85457 us
GLEX_HALO_EXCHANGE(RDMA_GET): Trans 16777216 Bytes,totaltime 10174.01397 us
GLEX_HALO_EXCHANGE(RDMA_PUT): Trans 16777216 Bytes,totaltime 8476.91607 us
Loop 7 ——
MPI_HALO_EXCHANGE: Trans 16777216 Bytes,totaltime 11176.72157 us
GLEX_HALO_EXCHANGE(RDMA_GET): Trans 16777216 Bytes,totaltime 10214.25247 us
GLEX_HALO_EXCHANGE(RDMA_PUT): Trans 16777216 Bytes,totaltime 8463.63199 us
Loop 8 ——
MPI_HALO_EXCHANGE: Trans 16777216 Bytes,totaltime 11145.44606 us
GLEX_HALO_EXCHANGE(RDMA_GET): Trans 16777216 Bytes,totaltime 10232.92553 us
GLEX_HALO_EXCHANGE(RDMA_PUT): Trans 16777216 Bytes,totaltime 8465.62505 us
Loop 9 ——
MPI_HALO_EXCHANGE: Trans 16777216 Bytes,totaltime 11187.37400 us
GLEX_HALO_EXCHANGE(RDMA_GET): Trans 16777216 Bytes,totaltime 10234.31456 us
GLEX_HALO_EXCHANGE(RDMA_PUT): Trans 16777216 Bytes,totaltime 8366.30547 us
Loop 10 ——
MPI_HALO_EXCHANGE: Trans 16777216 Bytes,totaltime 11228.28102 us
GLEX_HALO_EXCHANGE(RDMA_GET): Trans 16777216 Bytes,totaltime 10212.86190 us
GLEX_HALO_EXCHANGE(RDMA_PUT): Trans 16777216 Bytes,totaltime 8444.49258 us
Loop 1 ——
MPI_HALO_EXCHANGE: Trans 33554432 Bytes,totaltime 22630.93007 us
GLEX_HALO_EXCHANGE(RDMA_GET): Trans 33554432 Bytes,totaltime 20328.21143 us
GLEX_HALO_EXCHANGE(RDMA_PUT): Trans 33554432 Bytes,totaltime 16631.20246 us
Loop 2 ——
MPI_HALO_EXCHANGE: Trans 33554432 Bytes,totaltime 22656.42691 us
GLEX_HALO_EXCHANGE(RDMA_GET): Trans 33554432 Bytes,totaltime 20435.37652 us
GLEX_HALO_EXCHANGE(RDMA_PUT): Trans 33554432 Bytes,totaltime 17112.31649 us
Loop 3 ——
MPI_HALO_EXCHANGE: Trans 33554432 Bytes,totaltime 22678.58052 us
GLEX_HALO_EXCHANGE(RDMA_GET): Trans 33554432 Bytes,totaltime 20358.82008 us
GLEX_HALO_EXCHANGE(RDMA_PUT): Trans 33554432 Bytes,totaltime 16826.68591 us
Loop 4 ——
MPI_HALO_EXCHANGE: Trans 33554432 Bytes,totaltime 22943.04943 us
GLEX_HALO_EXCHANGE(RDMA_GET): Trans 33554432 Bytes,totaltime 20378.54147 us
GLEX_HALO_EXCHANGE(RDMA_PUT): Trans 33554432 Bytes,totaltime 17053.62952 us
Loop 5 ——
MPI_HALO_EXCHANGE: Trans 33554432 Bytes,totaltime 22626.10400 us
GLEX_HALO_EXCHANGE(RDMA_GET): Trans 33554432 Bytes,totaltime 20226.73500 us
GLEX_HALO_EXCHANGE(RDMA_PUT): Trans 33554432 Bytes,totaltime 16855.45945 us
Loop 6 ——
MPI_HALO_EXCHANGE: Trans 33554432 Bytes,totaltime 22608.74748 us
GLEX_HALO_EXCHANGE(RDMA_GET): Trans 33554432 Bytes,totaltime 20370.06557 us
GLEX_HALO_EXCHANGE(RDMA_PUT): Trans 33554432 Bytes,totaltime 16674.87192 us
Loop 7 ——
MPI_HALO_EXCHANGE: Trans 33554432 Bytes,totaltime 22665.15100 us
GLEX_HALO_EXCHANGE(RDMA_GET): Trans 33554432 Bytes,totaltime 20362.85460 us
GLEX_HALO_EXCHANGE(RDMA_PUT): Trans 33554432 Bytes,totaltime 16809.50999 us
Loop 8 ——
MPI_HALO_EXCHANGE: Trans 33554432 Bytes,totaltime 22720.00504 us
GLEX_HALO_EXCHANGE(RDMA_GET): Trans 33554432 Bytes,totaltime 20239.55357 us
GLEX_HALO_EXCHANGE(RDMA_PUT): Trans 33554432 Bytes,totaltime 16853.07550 us
Loop 9 ——
MPI_HALO_EXCHANGE: Trans 33554432 Bytes,totaltime 22736.24802 us
GLEX_HALO_EXCHANGE(RDMA_GET): Trans 33554432 Bytes,totaltime 20312.24000 us
GLEX_HALO_EXCHANGE(RDMA_PUT): Trans 33554432 Bytes,totaltime 17088.50455 us
Loop 10 ——
MPI_HALO_EXCHANGE: Trans 33554432 Bytes,totaltime 22726.15290 us
GLEX_HALO_EXCHANGE(RDMA_GET): Trans 33554432 Bytes,totaltime 20336.68649 us
GLEX_HALO_EXCHANGE(RDMA_PUT): Trans 33554432 Bytes,totaltime 16781.77905 us
Loop 1 ——
MPI_HALO_EXCHANGE: Trans 67108864 Bytes,totaltime 45878.75295 us
GLEX_HALO_EXCHANGE(RDMA_GET): Trans 67108864 Bytes,totaltime 40762.43806 us
GLEX_HALO_EXCHANGE(RDMA_PUT): Trans 67108864 Bytes,totaltime 34536.22758 us
Loop 2 ——
MPI_HALO_EXCHANGE: Trans 67108864 Bytes,totaltime 46026.16799 us
GLEX_HALO_EXCHANGE(RDMA_GET): Trans 67108864 Bytes,totaltime 40158.98299 us
GLEX_HALO_EXCHANGE(RDMA_PUT): Trans 67108864 Bytes,totaltime 33845.39604 us
Loop 3 ——
MPI_HALO_EXCHANGE: Trans 67108864 Bytes,totaltime 46019.96851 us
GLEX_HALO_EXCHANGE(RDMA_GET): Trans 67108864 Bytes,totaltime 40391.08801 us
GLEX_HALO_EXCHANGE(RDMA_PUT): Trans 67108864 Bytes,totaltime 33894.17791 us
Loop 4 ——
MPI_HALO_EXCHANGE: Trans 67108864 Bytes,totaltime 45594.59591 us
GLEX_HALO_EXCHANGE(RDMA_GET): Trans 67108864 Bytes,totaltime 40504.35710 us
GLEX_HALO_EXCHANGE(RDMA_PUT): Trans 67108864 Bytes,totaltime 33725.08299 us
Loop 5 ——
MPI_HALO_EXCHANGE: Trans 67108864 Bytes,totaltime 45766.49702 us
GLEX_HALO_EXCHANGE(RDMA_GET): Trans 67108864 Bytes,totaltime 40090.82651 us
GLEX_HALO_EXCHANGE(RDMA_PUT): Trans 67108864 Bytes,totaltime 34229.46250 us
Loop 6 ——
MPI_HALO_EXCHANGE: Trans 67108864 Bytes,totaltime 45600.56257 us
GLEX_HALO_EXCHANGE(RDMA_GET): Trans 67108864 Bytes,totaltime 40169.71350 us
GLEX_HALO_EXCHANGE(RDMA_PUT): Trans 67108864 Bytes,totaltime 34118.85297 us
Loop 7 ——
MPI_HALO_EXCHANGE: Trans 67108864 Bytes,totaltime 45910.13849 us
GLEX_HALO_EXCHANGE(RDMA_GET): Trans 67108864 Bytes,totaltime 40618.51144 us
GLEX_HALO_EXCHANGE(RDMA_PUT): Trans 67108864 Bytes,totaltime 33715.82997 us
Loop 8 ——
MPI_HALO_EXCHANGE: Trans 67108864 Bytes,totaltime 45318.58242 us
GLEX_HALO_EXCHANGE(RDMA_GET): Trans 67108864 Bytes,totaltime 40873.46900 us
GLEX_HALO_EXCHANGE(RDMA_PUT): Trans 67108864 Bytes,totaltime 34599.44952 us
Loop 9 ——
MPI_HALO_EXCHANGE: Trans 67108864 Bytes,totaltime 45642.90702 us
GLEX_HALO_EXCHANGE(RDMA_GET): Trans 67108864 Bytes,totaltime 40354.44105 us
GLEX_HALO_EXCHANGE(RDMA_PUT): Trans 67108864 Bytes,totaltime 33986.01103 us
Loop 10 ——
MPI_HALO_EXCHANGE: Trans 67108864 Bytes,totaltime 45363.12258 us
GLEX_HALO_EXCHANGE(RDMA_GET): Trans 67108864 Bytes,totaltime 40497.53046 us
GLEX_HALO_EXCHANGE(RDMA_PUT): Trans 67108864 Bytes,totaltime 34407.19807 us
Loop 1 ——
MPI_HALO_EXCHANGE: Trans 134217728 Bytes,totaltime 92676.56100 us
GLEX_HALO_EXCHANGE(RDMA_GET): Trans 134217728 Bytes,totaltime 81221.38250 us
GLEX_HALO_EXCHANGE(RDMA_PUT): Trans 134217728 Bytes,totaltime 75889.14800 us
Loop 2 ——
MPI_HALO_EXCHANGE: Trans 134217728 Bytes,totaltime 91869.10951 us
GLEX_HALO_EXCHANGE(RDMA_GET): Trans 134217728 Bytes,totaltime 80645.18797 us
GLEX_HALO_EXCHANGE(RDMA_PUT): Trans 134217728 Bytes,totaltime 74468.24443 us
Loop 3 ——
MPI_HALO_EXCHANGE: Trans 134217728 Bytes,totaltime 91650.08700 us
GLEX_HALO_EXCHANGE(RDMA_GET): Trans 134217728 Bytes,totaltime 80674.30508 us
GLEX_HALO_EXCHANGE(RDMA_PUT): Trans 134217728 Bytes,totaltime 70295.14349 us
Loop 4 ——
MPI_HALO_EXCHANGE: Trans 134217728 Bytes,totaltime 91045.54951 us
GLEX_HALO_EXCHANGE(RDMA_GET): Trans 134217728 Bytes,totaltime 80770.82145 us
GLEX_HALO_EXCHANGE(RDMA_PUT): Trans 134217728 Bytes,totaltime 74870.27991 us
Loop 5 ——
MPI_HALO_EXCHANGE: Trans 134217728 Bytes,totaltime 92020.38801 us
GLEX_HALO_EXCHANGE(RDMA_GET): Trans 134217728 Bytes,totaltime 80680.47547 us
GLEX_HALO_EXCHANGE(RDMA_PUT): Trans 134217728 Bytes,totaltime 73323.30608 us
Loop 6 ——
MPI_HALO_EXCHANGE: Trans 134217728 Bytes,totaltime 92082.32355 us
GLEX_HALO_EXCHANGE(RDMA_GET): Trans 134217728 Bytes,totaltime 80982.30994 us
GLEX_HALO_EXCHANGE(RDMA_PUT): Trans 134217728 Bytes,totaltime 75557.57749 us
Loop 7 ——
MPI_HALO_EXCHANGE: Trans 134217728 Bytes,totaltime 91255.62608 us
GLEX_HALO_EXCHANGE(RDMA_GET): Trans 134217728 Bytes,totaltime 81011.30545 us
GLEX_HALO_EXCHANGE(RDMA_PUT): Trans 134217728 Bytes,totaltime 71497.91050 us
Loop 8 ——
MPI_HALO_EXCHANGE: Trans 134217728 Bytes,totaltime 92171.59092 us
GLEX_HALO_EXCHANGE(RDMA_GET): Trans 134217728 Bytes,totaltime 81160.12061 us
GLEX_HALO_EXCHANGE(RDMA_PUT): Trans 134217728 Bytes,totaltime 71401.87252 us
Loop 9 ——
MPI_HALO_EXCHANGE: Trans 134217728 Bytes,totaltime 91663.83898 us
GLEX_HALO_EXCHANGE(RDMA_GET): Trans 134217728 Bytes,totaltime 80845.13652 us
GLEX_HALO_EXCHANGE(RDMA_PUT): Trans 134217728 Bytes,totaltime 74068.68100 us
Loop 10 ——
MPI_HALO_EXCHANGE: Trans 134217728 Bytes,totaltime 92514.80103 us
GLEX_HALO_EXCHANGE(RDMA_GET): Trans 134217728 Bytes,totaltime 80957.13902 us
GLEX_HALO_EXCHANGE(RDMA_PUT): Trans 134217728 Bytes,totaltime 76209.35297 us
